<?xml version="1.0" encoding="UTF-8"?>
<!-- Generated by org.testng.reporters.JUnitReportReporter -->
<testsuite hostname="DESKTOP-NHV0DTO" name="Testingframework.Scroll" tests="1" failures="0" timestamp="12 Jul 2017 14:09:39 GMT" time="21.126" errors="0">
  <testcase name="main" time="21.126" classname="Testingframework.Scroll"/>
</testsuite> <!-- Testingframework.Scroll -->
