<?xml version="1.0" encoding="UTF-8"?>
<!-- Generated by org.testng.reporters.JUnitReportReporter -->
<testsuite hostname="DESKTOP-NHV0DTO" name="Testingframework.Audiofunctionality" tests="1" failures="0" timestamp="16 Nov 2016 15:02:57 GMT" time="74.366" errors="0">
  <testcase name="AudioFeatures" time="74.366" classname="Testingframework.Audiofunctionality"/>
</testsuite> <!-- Testingframework.Audiofunctionality -->
