<?xml version="1.0" encoding="UTF-8"?>
<!-- Generated by org.testng.reporters.JUnitReportReporter -->
<testsuite hostname="DESKTOP-NHV0DTO" name="Inflight.Scrolltest" tests="1" failures="0" timestamp="24 Nov 2016 12:43:35 GMT" time="12.254" errors="0">
  <testcase name="f" time="12.254" classname="Inflight.Scrolltest"/>
</testsuite> <!-- Inflight.Scrolltest -->
