<?xml version="1.0" encoding="UTF-8"?>
<!-- Generated by org.testng.reporters.JUnitReportReporter -->
<testsuite hostname="DESKTOP-NHV0DTO" name="Testingframework.ENT_Navigation" tests="1" failures="0" timestamp="17 Feb 2017 14:11:02 GMT" time="144.040" errors="0">
  <testcase name="Entertainment_navigations" time="144.040" classname="Testingframework.ENT_Navigation"/>
</testsuite> <!-- Testingframework.ENT_Navigation -->
