<?xml version="1.0" encoding="UTF-8"?>
<!-- Generated by org.testng.reporters.JUnitReportReporter -->
<testsuite hostname="DESKTOP-NHV0DTO" name="Testingframework.trail" tests="4" failures="0" timestamp="7 Nov 2016 10:05:14 GMT" time="83.803" errors="0">
  <testcase name="playgame" time="20.321" classname="Testingframework.trail"/>
  <testcase name="tvshow" time="22.424" classname="Testingframework.trail"/>
  <testcase name="movie" time="19.990" classname="Testingframework.trail"/>
  <testcase name="playaudio" time="21.068" classname="Testingframework.trail"/>
</testsuite> <!-- Testingframework.trail -->
