<?xml version="1.0" encoding="UTF-8"?>
<!-- Generated by org.testng.reporters.JUnitReportReporter -->
<testsuite hostname="DESKTOP-NHV0DTO" name="Testingframework.movie" tests="1" failures="0" timestamp="28 Dec 2017 14:04:07 GMT" time="22.102" errors="0">
  <testcase name="viewmovie" time="22.102" classname="Testingframework.movie"/>
</testsuite> <!-- Testingframework.movie -->
