<?xml version="1.0" encoding="UTF-8"?>
<!-- Generated by org.testng.reporters.JUnitReportReporter -->
<testsuite hostname="DESKTOP-NHV0DTO" name="Testingframework.NewTest" tests="1" failures="0" timestamp="14 Nov 2016 16:31:08 GMT" time="27.621" errors="0">
  <testcase name="slider" time="27.621" classname="Testingframework.NewTest"/>
</testsuite> <!-- Testingframework.NewTest -->
