<?xml version="1.0" encoding="UTF-8"?>
<!-- Generated by org.testng.reporters.JUnitReportReporter -->
<testsuite hostname="DESKTOP-NHV0DTO" name="TravelService.TSTestNGPublication" tests="2" failures="0" timestamp="31 May 2018 14:21:04 GMT" time="48.284" errors="0">
  <testcase name="viewpublication" time="40.145" classname="TravelService.TSTestNGPublication"/>
  <testcase name="launchbrowser" time="8.139" classname="TravelService.TSTestNGPublication"/>
</testsuite> <!-- TravelService.TSTestNGPublication -->
