<?xml version="1.0" encoding="UTF-8"?>
<!-- Generated by org.testng.reporters.JUnitReportReporter -->
<testsuite hostname="DESKTOP-NHV0DTO" name="Testingframework.atesting" tests="2" failures="0" timestamp="3 Jan 2018 16:08:36 GMT" time="71.083" errors="0">
  <testcase name="launchbrowser" time="12.461" classname="Testingframework.atesting"/>
  <testcase name="playaudio" time="58.622" classname="Testingframework.atesting"/>
</testsuite> <!-- Testingframework.atesting -->
