<?xml version="1.0" encoding="UTF-8"?>
<!-- Generated by org.testng.reporters.JUnitReportReporter -->
<testsuite hostname="DESKTOP-NHV0DTO" name="Testingframework.ENT_Search" tests="5" failures="0" timestamp="18 Nov 2016 14:20:18 GMT" time="237.525" errors="0">
  <testcase name="moviesearch" time="49.974" classname="Testingframework.ENT_Search"/>
  <testcase name="TVsearch" time="44.705" classname="Testingframework.ENT_Search"/>
  <testcase name="publicationsearch" time="43.730" classname="Testingframework.ENT_Search"/>
  <testcase name="audiosearch" time="47.033" classname="Testingframework.ENT_Search"/>
  <testcase name="gamesearch" time="52.083" classname="Testingframework.ENT_Search"/>
</testsuite> <!-- Testingframework.ENT_Search -->
