<?xml version="1.0" encoding="UTF-8"?>
<!-- Generated by org.testng.reporters.JUnitReportReporter -->
<testsuite hostname="DESKTOP-NHV0DTO" name="Testingframework.Infowatchnowslider" tests="1" failures="0" timestamp="16 Nov 2016 13:02:48 GMT" time="48.958" errors="0">
  <testcase name="playelementsonslider" time="48.958" classname="Testingframework.Infowatchnowslider"/>
</testsuite> <!-- Testingframework.Infowatchnowslider -->
