<?xml version="1.0" encoding="UTF-8"?>
<!-- Generated by org.testng.reporters.JUnitReportReporter -->
<testsuite hostname="DESKTOP-NHV0DTO" name="Testingframework.tv" tests="1" failures="0" timestamp="28 Oct 2016 15:31:32 GMT" time="24.791" errors="0">
  <testcase name="tvshow" time="24.791" classname="Testingframework.tv"/>
</testsuite> <!-- Testingframework.tv -->
