<?xml version="1.0" encoding="UTF-8"?>
<!-- Generated by org.testng.reporters.JUnitReportReporter -->
<testsuite hostname="DESKTOP-NHV0DTO" name="Testingframework.Slider" tests="1" failures="0" timestamp="14 Nov 2016 16:24:47 GMT" time="12.503" errors="0">
  <testcase name="slider" time="12.503" classname="Testingframework.Slider"/>
</testsuite> <!-- Testingframework.Slider -->
