<?xml version="1.0" encoding="UTF-8"?>
<!-- Generated by org.testng.reporters.JUnitReportReporter -->
<testsuite hostname="DESKTOP-NHV0DTO" name="Testingframework.App" tests="1" failures="0" timestamp="16 Feb 2018 15:32:13 GMT" time="10.593" errors="0">
  <testcase name="URLCheckTest" time="10.593" classname="Testingframework.App"/>
</testsuite> <!-- Testingframework.App -->
