<?xml version="1.0" encoding="UTF-8"?>
<!-- Generated by org.testng.reporters.JUnitReportReporter -->
<testsuite hostname="DESKTOP-NHV0DTO" name="Testingframework.epic" tests="2" failures="0" timestamp="28 Oct 2016 14:50:13 GMT" time="3.229" errors="0">
  <testcase name="g" time="1.025" classname="Testingframework.epic"/>
  <testcase name="f" time="2.204" classname="Testingframework.epic"/>
</testsuite> <!-- Testingframework.epic -->
