<?xml version="1.0" encoding="UTF-8"?>
<!-- Generated by org.testng.reporters.JUnitReportReporter -->
<testsuite hostname="DESKTOP-NHV0DTO" name="Testingframework.Audiotest" tests="2" failures="0" timestamp="22 Jan 2018 14:26:40 GMT" time="11.621" errors="1">
  <testcase name="launchbrowser" time="11.458" classname="Testingframework.Audiotest"/>
  <testcase name="playaudio" time="0.163" classname="Testingframework.Audiotest">
    <error type="org.openqa.selenium.WebDriverException" message="Element is not clickable at point (912.6666870117188, 131.0500030517578). Other element would receive the click: &lt;img srcset=&quot;assets/images/entertainment/menu/audio-menu.jpg&quot; href=&quot;#/entertainment/audio&quot; ng-if=&quot;item.kid !== &#039;&#039;&quot; ng-style=&quot;(item.type===&#039;&#039;)?{&#039;margin-bottom&#039;:&#039;-5px&#039;}:{&#039;padding-bottom&#039;:&#039;-5px&#039;}&quot; ng-srcset=&quot;assets/images/entertainment/menu/audio-menu.jpg&quot; ui-sref=&quot;entertainment.audio&quot; style=&quot;border:none;&quot; ng-click=&quot;wirelessCtrl.handleClick({type:item.type, id:item.kid})&quot; autofit=&quot;&quot;&gt;
Command duration or timeout: 106 milliseconds
Build info: version: &#039;2.53.1&#039;, revision: &#039;a36b8b1&#039;, time: &#039;2016-06-30 17:37:03&#039;
System info: host: &#039;DESKTOP-NHV0DTO&#039;, ip: &#039;192.168.2.145&#039;, os.name: &#039;Windows 10&#039;, os.arch: &#039;amd64&#039;, os.version: &#039;10.0&#039;, java.version: &#039;1.8.0_102&#039;
Driver info: org.openqa.selenium.firefox.FirefoxDriver
Capabilities [{applicationCacheEnabled=true, rotatable=false, handlesAlerts=true, databaseEnabled=true, version=44.0, platform=WINDOWS, nativeEvents=false, acceptSslCerts=true, webStorageEnabled=true, locationContextEnabled=true, browserName=firefox, takesScreenshot=true, javascriptEnabled=true, cssSelectorsEnabled=true}]
Session ID: 0b365b29-153e-46b4-9538-c95de12c48f4">
      <![CDATA[org.openqa.selenium.WebDriverException: Element is not clickable at point (912.6666870117188, 131.0500030517578). Other element would receive the click: <img srcset="assets/images/entertainment/menu/audio-menu.jpg" href="#/entertainment/audio" ng-if="item.kid !== ''" ng-style="(item.type==='')?{'margin-bottom':'-5px'}:{'padding-bottom':'-5px'}" ng-srcset="assets/images/entertainment/menu/audio-menu.jpg" ui-sref="entertainment.audio" style="border:none;" ng-click="wirelessCtrl.handleClick({type:item.type, id:item.kid})" autofit="">
Command duration or timeout: 106 milliseconds
Build info: version: '2.53.1', revision: 'a36b8b1', time: '2016-06-30 17:37:03'
System info: host: 'DESKTOP-NHV0DTO', ip: '192.168.2.145', os.name: 'Windows 10', os.arch: 'amd64', os.version: '10.0', java.version: '1.8.0_102'
Driver info: org.openqa.selenium.firefox.FirefoxDriver
Capabilities [{applicationCacheEnabled=true, rotatable=false, handlesAlerts=true, databaseEnabled=true, version=44.0, platform=WINDOWS, nativeEvents=false, acceptSslCerts=true, webStorageEnabled=true, locationContextEnabled=true, browserName=firefox, takesScreenshot=true, javascriptEnabled=true, cssSelectorsEnabled=true}]
Session ID: 0b365b29-153e-46b4-9538-c95de12c48f4
	at sun.reflect.NativeConstructorAccessorImpl.newInstance0(Native Method)
	at sun.reflect.NativeConstructorAccessorImpl.newInstance(Unknown Source)
	at sun.reflect.DelegatingConstructorAccessorImpl.newInstance(Unknown Source)
	at java.lang.reflect.Constructor.newInstance(Unknown Source)
	at org.openqa.selenium.remote.ErrorHandler.createThrowable(ErrorHandler.java:206)
	at org.openqa.selenium.remote.ErrorHandler.throwIfResponseFailed(ErrorHandler.java:158)
	at org.openqa.selenium.remote.RemoteWebDriver.execute(RemoteWebDriver.java:678)
	at org.openqa.selenium.remote.RemoteWebElement.execute(RemoteWebElement.java:327)
	at org.openqa.selenium.remote.RemoteWebElement.click(RemoteWebElement.java:85)
	at Testingframework.Audiotest.playaudio(Audiotest.java:103)
	at sun.reflect.NativeMethodAccessorImpl.invoke0(Native Method)
	at sun.reflect.NativeMethodAccessorImpl.invoke(Unknown Source)
	at sun.reflect.DelegatingMethodAccessorImpl.invoke(Unknown Source)
	at java.lang.reflect.Method.invoke(Unknown Source)
	at org.testng.internal.MethodInvocationHelper.invokeMethod(MethodInvocationHelper.java:100)
	at org.testng.internal.Invoker.invokeMethod(Invoker.java:646)
	at org.testng.internal.Invoker.invokeTestMethod(Invoker.java:811)
	at org.testng.internal.Invoker.invokeTestMethods(Invoker.java:1129)
	at org.testng.internal.TestMethodWorker.invokeTestMethods(TestMethodWorker.java:129)
	at org.testng.internal.TestMethodWorker.run(TestMethodWorker.java:112)
	at org.testng.TestRunner.privateRun(TestRunner.java:746)
	at org.testng.TestRunner.run(TestRunner.java:600)
	at org.testng.SuiteRunner.runTest(SuiteRunner.java:366)
	at org.testng.SuiteRunner.runSequentially(SuiteRunner.java:361)
	at org.testng.SuiteRunner.privateRun(SuiteRunner.java:319)
	at org.testng.SuiteRunner.run(SuiteRunner.java:268)
	at org.testng.SuiteRunnerWorker.runSuite(SuiteRunnerWorker.java:52)
	at org.testng.SuiteRunnerWorker.run(SuiteRunnerWorker.java:86)
	at org.testng.TestNG.runSuitesSequentially(TestNG.java:1264)
	at org.testng.TestNG.runSuitesLocally(TestNG.java:1189)
	at org.testng.TestNG.runSuites(TestNG.java:1104)
	at org.testng.TestNG.run(TestNG.java:1076)
	at org.testng.remote.AbstractRemoteTestNG.run(AbstractRemoteTestNG.java:126)
	at org.testng.remote.RemoteTestNG.initAndRun(RemoteTestNG.java:152)
	at org.testng.remote.RemoteTestNG.main(RemoteTestNG.java:57)
]]>
    </error>
  </testcase> <!-- playaudio -->
</testsuite> <!-- Testingframework.Audiotest -->
