<?xml version="1.0" encoding="UTF-8"?>
<!-- Generated by org.testng.reporters.JUnitReportReporter -->
<testsuite hostname="DESKTOP-NHV0DTO" name="Testingframework.audio" tests="1" failures="0" timestamp="29 Dec 2017 10:48:47 GMT" time="39.088" errors="0">
  <testcase name="playaudio" time="39.088" classname="Testingframework.audio"/>
</testsuite> <!-- Testingframework.audio -->
