<?xml version="1.0" encoding="UTF-8"?>
<!-- Generated by org.testng.reporters.JUnitReportReporter -->
<testsuite hostname="DESKTOP-NHV0DTO" name="Inflight.slideroperation" tests="1" failures="0" timestamp="24 Nov 2016 15:45:13 GMT" time="20.200" errors="0">
  <testcase name="slideroperations" time="20.200" classname="Inflight.slideroperation"/>
</testsuite> <!-- Inflight.slideroperation -->
