<?xml version="1.0" encoding="UTF-8"?>
<!-- Generated by org.testng.reporters.JUnitReportReporter -->
<testsuite hostname="DESKTOP-NHV0DTO" name="Inflight.Dutyfreesearch" tests="1" failures="0" timestamp="25 Nov 2016 16:50:52 GMT" time="50.398" errors="0">
  <testcase name="fsearchdutyfree" time="50.398" classname="Inflight.Dutyfreesearch"/>
</testsuite> <!-- Inflight.Dutyfreesearch -->
