<?xml version="1.0" encoding="UTF-8"?>
<!-- Generated by org.testng.reporters.JUnitReportReporter -->
<testsuite hostname="DESKTOP-NHV0DTO" name="Inflight.Dutyfreesliderbuttons" tests="1" failures="0" timestamp="25 Nov 2016 10:42:39 GMT" time="20.281" errors="0">
  <testcase name="dutyfreeslideroperations" time="20.281" classname="Inflight.Dutyfreesliderbuttons"/>
</testsuite> <!-- Inflight.Dutyfreesliderbuttons -->
